<?xml version="1.0" encoding="UTF-8"?>
<testsuite name="ru.netology.testmode.test.AuthTest" tests="5" skipped="0" failures="0" errors="0" timestamp="2022-10-03T17:33:49" hostname="Radmirs-MacBook-Air.local" time="10.254">
  <properties/>
  <testcase name="Should get error message if login with not registered user" classname="ru.netology.testmode.test.AuthTest" time="5.644"/>
  <testcase name="Should get error message if login with blocked registered user" classname="ru.netology.testmode.test.AuthTest" time="1.763"/>
  <testcase name="Should successfully login with active registered user" classname="ru.netology.testmode.test.AuthTest" time="1.302"/>
  <testcase name="Should get error message if login with wrong password" classname="ru.netology.testmode.test.AuthTest" time="0.952"/>
  <testcase name="Should get error message if login with wrong login" classname="ru.netology.testmode.test.AuthTest" time="0.591"/>
  <system-out><![CDATA[Request method:	POST
Request URI:	http://localhost:9999/api/system/users
Proxy:			<none>
Request params:	<none>
Query params:	<none>
Form params:	<none>
Path params:	<none>
Headers:		Accept=application/json, application/javascript, text/javascript, text/json
				Content-Type=application/json; charset=UTF-8
Cookies:		<none>
Multiparts:		<none>
Body:
{
    "login": "suzanna.little",
    "password": "o06odma39qx",
    "status": "blocked"
}
Request method:	POST
Request URI:	http://localhost:9999/api/system/users
Proxy:			<none>
Request params:	<none>
Query params:	<none>
Form params:	<none>
Path params:	<none>
Headers:		Accept=application/json, application/javascript, text/javascript, text/json
				Content-Type=application/json; charset=UTF-8
Cookies:		<none>
Multiparts:		<none>
Body:
{
    "login": "elli.renner",
    "password": "8rzj7b991fdd2",
    "status": "active"
}
Request method:	POST
Request URI:	http://localhost:9999/api/system/users
Proxy:			<none>
Request params:	<none>
Query params:	<none>
Form params:	<none>
Path params:	<none>
Headers:		Accept=application/json, application/javascript, text/javascript, text/json
				Content-Type=application/json; charset=UTF-8
Cookies:		<none>
Multiparts:		<none>
Body:
{
    "login": "angelyn.marks",
    "password": "cxw6yibvh8ou",
    "status": "active"
}
Request method:	POST
Request URI:	http://localhost:9999/api/system/users
Proxy:			<none>
Request params:	<none>
Query params:	<none>
Form params:	<none>
Path params:	<none>
Headers:		Accept=application/json, application/javascript, text/javascript, text/json
				Content-Type=application/json; charset=UTF-8
Cookies:		<none>
Multiparts:		<none>
Body:
{
    "login": "marcelle.graham",
    "password": "cnrv0plytclt",
    "status": "active"
}
]]></system-out>
  <system-err><![CDATA[SLF4J: Failed to load class "org.slf4j.impl.StaticLoggerBinder".
SLF4J: Defaulting to no-operation (NOP) logger implementation
SLF4J: See http://www.slf4j.org/codes.html#StaticLoggerBinder for further details.
Starting ChromeDriver 106.0.5249.61 (511755355844955cd3e264779baf0dd38212a4d0-refs/branch-heads/5249@{#569}) on port 30149
Only local connections are allowed.
Please see https://chromedriver.chromium.org/security-considerations for suggestions on keeping ChromeDriver safe.
ChromeDriver was started successfully.
Oct 03, 2022 8:33:51 PM org.openqa.selenium.remote.ProtocolHandshake createSession
INFO: Detected dialect: W3C
]]></system-err>
</testsuite>
